<?xml version="1.0" encoding="UTF-8"?>
<testng-results skipped="0" failed="0" ignored="0" total="1" passed="1">
  <reporter-output>
  </reporter-output>
  <suite name="Default suite" duration-ms="23424" started-at="2020-01-05T22:19:24 IST" finished-at="2020-01-05T22:19:47 IST">
    <groups>
    </groups>
    <test name="Default test" duration-ms="23424" started-at="2020-01-05T22:19:24 IST" finished-at="2020-01-05T22:19:47 IST">
      <class name="com.qa.automaton.MakeMyTrip.OpenHomepage">
        <test-method status="PASS" signature="setup()[pri:0, instance:com.qa.automaton.MakeMyTrip.OpenHomepage@48503868]" name="setup" is-config="true" duration-ms="4623" started-at="2020-01-05T22:19:24 IST" finished-at="2020-01-05T22:19:28 IST">
          <reporter-output>
          </reporter-output>
        </test-method> <!-- setup -->
        <test-method status="PASS" signature="openUrl()[pri:0, instance:com.qa.automaton.MakeMyTrip.OpenHomepage@48503868]" name="openUrl" duration-ms="5358" started-at="2020-01-05T22:19:28 IST" finished-at="2020-01-05T22:19:34 IST">
          <reporter-output>
          </reporter-output>
        </test-method> <!-- openUrl -->
        <test-method status="PASS" signature="teatDown()[pri:0, instance:com.qa.automaton.MakeMyTrip.OpenHomepage@48503868]" name="teatDown" is-config="true" duration-ms="13253" started-at="2020-01-05T22:19:34 IST" finished-at="2020-01-05T22:19:47 IST">
          <reporter-output>
          </reporter-output>
        </test-method> <!-- teatDown -->
      </class> <!-- com.qa.automaton.MakeMyTrip.OpenHomepage -->
    </test> <!-- Default test -->
  </suite> <!-- Default suite -->
</testng-results>
